<?xml version="1.0" encoding="UTF-8"?>
<testng-results ignored="0" total="1" passed="1" failed="0" skipped="0">
  <reporter-output>
  </reporter-output>
  <suite started-at="2023-08-22T19:58:59 IST" name="Default suite" finished-at="2023-08-22T19:59:10 IST" duration-ms="11681">
    <groups>
    </groups>
    <test started-at="2023-08-22T19:58:59 IST" name="Default test" finished-at="2023-08-22T19:59:10 IST" duration-ms="11681">
      <class name="homepagetest.RegisterTest">
        <test-method is-config="true" signature="launch()[pri:0, instance:homepagetest.RegisterTest@dd05255]" started-at="2023-08-22T19:58:59 IST" name="launch" finished-at="2023-08-22T19:59:04 IST" duration-ms="4857" status="PASS">
          <reporter-output>
          </reporter-output>
        </test-method> <!-- launch -->
        <test-method is-config="true" signature="openurl()[pri:0, instance:homepagetest.RegisterTest@dd05255]" started-at="2023-08-22T19:59:04 IST" name="openurl" finished-at="2023-08-22T19:59:07 IST" duration-ms="3274" status="PASS">
          <reporter-output>
          </reporter-output>
        </test-method> <!-- openurl -->
        <test-method signature="testreg()[pri:0, instance:homepagetest.RegisterTest@dd05255]" started-at="2023-08-22T19:59:07 IST" name="testreg" finished-at="2023-08-22T19:59:10 IST" duration-ms="3499" status="PASS">
          <reporter-output>
          </reporter-output>
        </test-method> <!-- testreg -->
      </class> <!-- homepagetest.RegisterTest -->
    </test> <!-- Default test -->
  </suite> <!-- Default suite -->
</testng-results>
